<?xml version="1.0" encoding="UTF-8"?>
<beans default-autowire="byName" xmlns="http://www.springframework.org/schema/beans"
       xmlns:xsi="http://www.w3.org/2001/XMLSchema-instance"
       xmlns:context="http://www.springframework.org/schema/context"
       xmlns:aop="http://www.springframework.org/schema/aop"
       xmlns:tx="http://www.springframework.org/schema/tx"
       xsi:schemaLocation="http://www.springframework.org/schema/beans http://www.springframework.org/schema/beans/spring-beans.xsd
						http://www.springframework.org/schema/context http://www.springframework.org/schema/context/spring-context.xsd
						http://www.springframework.org/schema/tx http://www.springframework.org/schema/tx/spring-tx.xsd
						http://www.springframework.org/schema/aop http://www.springframework.org/schema/aop/spring-aop.xsd">

    <context:annotation-config/>
    <context:component-scan base-package="uk.ac.nesc.idsd"/>

    <bean id="propertyConfigurer" class="org.springframework.beans.factory.config.PropertyPlaceholderConfigurer">
        <property name="locations">
            <list>
                <value>classpath:jdbc.properties</value>
                <value>classpath:idsd.properties</value>
                <value>classpath:email.properties</value>
            </list>
        </property>
    </bean>

    <bean id="dataSource" class="com.mchange.v2.c3p0.ComboPooledDataSource">
        <!--
        <property name="driverClassName" value="${hibernate.connection.driver_class}" />
        <property name="url" value="${hibernate.connection.url}" />
        <property name="username" value="${hibernate.connection.username}" />
        <property name="password" value="${hibernate.connection.password}" />
         -->
        <property name="driverClass" value="${jdbc.class}"/>
        <property name="jdbcUrl" value="${jdbc.url}"/>
        <property name="user" value="${jdbc.username}"/>
        <property name="password" value="${jdbc.password}"/>
        <property name="autoCommitOnClose" value="true"/>
        <property name="checkoutTimeout" value="${cpool.checkoutTimeout}"/>
        <property name="initialPoolSize" value="${cpool.minPoolSize}"/>
        <property name="minPoolSize" value="${cpool.minPoolSize}"/>
        <property name="maxPoolSize" value="${cpool.maxPoolSize}"/>
        <property name="acquireIncrement" value="${cpool.acquireIncrement}"/>
        <!--
        <property name="maxIdleTime" value="${cpool.maxIdleTime}" />
        <property name="maxIdleTimeExcessConnections" value="${cpool.maxIdleTimeExcessConnections}" />
         -->
        <!-- retry to reconnect indefinitely every 3 seconds when database is down: -->
        <property name="acquireRetryAttempts" value="${cpool.acquireRetryAttempts}"/>
        <property name="acquireRetryDelay" value="${cpool.acquireRetryDelay}"/>
        <property name="breakAfterAcquireFailure" value="${cpool.breakAfterAcquireFailure}"/>
        <!-- Also, to avoid broken connections lying in your pool indefinitely, use connection age management: -->
        <property name="maxConnectionAge" value="${cpool.maxConnectionAge}"/>
        <property name="maxIdleTime" value="${cpool.maxIdleTime}"/>
        <property name="maxIdleTimeExcessConnections" value="${cpool.maxIdleTimeExcessConnections}"/>
        <property name="idleConnectionTestPeriod" value="${cpool.idleConnectionTestPeriod}"/>
        <!-- These may be quite expensive, but helpful if above is not enough: -->
        <property name="testConnectionOnCheckin" value="${cpool.testConnectionOnCheckin}"/>
        <property name="preferredTestQuery" value="${cpool.preferredTestQuery}"/>
        <!-- You may also want to check for connection leaks which prevent recovery: -->
        <property name="debugUnreturnedConnectionStackTraces" value="${cpool.debugUnreturnedConnectionStackTraces}"/>
        <!--
                <property name="hibernate.connection.release_mode" value="${cpool.connection.release_mode}" />
                <property name="idleConnectionTestPeriod" value="${cpool.idleConnectionTestPeriod}" />
                <property name="preferredTestQuery" value="${cpool.preferredTestQuery}" />
                <property name="testConnectionOnCheckin" value="${cpool.testConnectionOnCheckin}" />
                <property name="testConnectionOnCheckout" value="${cpool.testConnectionOnCheckout}" />
         -->


    </bean>

    <bean id="sessionFactory"
          class="org.springframework.orm.hibernate3.annotation.AnnotationSessionFactoryBean">
        <property name="dataSource" ref="dataSource"/>
        <property name="hibernateProperties">
            <props>
                <prop key="hibernate.dialect">${hibernate.dialect}</prop>
                <prop key="hibernate.show_sql">${hibernate.show_sql}</prop>
                <prop key="hibernate.format_sql">${hibernate.format_sql}</prop>
                <prop key="hibernate.use_sql_comments">${hibernate.use_sql_comments}</prop>
                <prop key="hibernate.connection.release_mode">${cpool.connection.release_mode}</prop>
                <!--
                <prop key="hibernate.connection.shutdown">${hibernate.connection.shutdown}</prop>
                <prop key="hibernate.c3p0.minPoolSize">${hibernate.c3p0.min_size}</prop>
                <prop key="hibernate.c3p0.maxPoolSize">${hibernate.c3p0.max_size}</prop>
                <prop key="hibernate.c3p0.timeout">${hibernate.c3p0.timeout}</prop>
                <prop key="hibernate.c3p0.max_statement">${hibernate.c3p0.max_statements}</prop>
                <prop key="hibernate.generate_statistics">true</prop>

                <prop key="hibernate.hbm2ddl.auto">${hibernate.hbm2ddl.auto}</prop>
                <prop key="hibernate.c3p0.idle_test_period">${hibernate.c3p0.idle_test_period}</prop>
                <prop key="hibernate.c3p0.acquire_increment">${hibernate.c3p0.acquire_increment}</prop>
                <prop key="hibernate.c3p0.maxIdleTime">${hibernate.c3p0.maxIdleTime}</prop>
                <prop key="hibernate.c3p0.cpool.maxIdleTimeExcessConnections">${hibernate.c3p0.cpool.maxIdleTimeExcessConnections}</prop>
                <prop key="hinernate.c3p0.acquireRetryAttempts">${hinernate.c3p0.acquireRetryAttempts}</prop>
                <prop key="hibernate.c3p0.testConnectionOnCheckin">${hibernate.c3p0.testConnectionOnCheckin}</prop>
                <prop key="hibernate.c3p0.preferredTestQuery">${hibernate.c3p0.preferredTestQuery}</prop>
                <prop key="hibernate.c3p0.idleConnectionTestPeriod">${hibernate.c3p0.idleConnectionTestPeriod}</prop>
                <prop key="connection.autoReconnect">${connection.autoReconnect}</prop>
                <prop key="connection.autoReconnectForPools">${connection.autoReconnectForPools}</prop>
                <prop key="connection.is-connection-validation-required">${connection.is-connection-validation-required}</prop>
                 -->
                <prop key="hibernate.cache.use_second_level_cache">${hibernate.cache.use_query_cache}</prop>
                <prop key="hibernate.cache.use_query_cache">${hibernate.cache.use_query_cache}</prop>
                <prop key="hibernate.cache.provider_class">org.hibernate.cache.EhCacheProvider</prop>

                <!--
                <prop key="current_session_context_class">thread</prop>
                <prop key="current_session_context_class">org.hibernate.context.ThreadLocalSessionContext</prop>
                 -->
            </props>
        </property>
        <property name="annotatedClasses">
            <list>
                <value>uk.ac.nesc.idsd.model.PortalUser</value>
                <value>uk.ac.nesc.idsd.model.UserRole</value>
                <value>uk.ac.nesc.idsd.model.Role</value>
                <value>uk.ac.nesc.idsd.model.Section</value>
                <value>uk.ac.nesc.idsd.model.Menu</value>
                <value>uk.ac.nesc.idsd.model.Tertiary</value>
                <value>uk.ac.nesc.idsd.model.Parameter</value>
                <value>uk.ac.nesc.idsd.model.Option</value>
                <value>uk.ac.nesc.idsd.model.GeneCategory</value>
                <value>uk.ac.nesc.idsd.model.DsdGeneAnalysis</value>

                <value>uk.ac.nesc.idsd.model.Audit</value>
                <value>uk.ac.nesc.idsd.model.DsdGeneScreened</value>
                <value>uk.ac.nesc.idsd.model.Feedback</value>
                <value>uk.ac.nesc.idsd.model.DsdAssessment</value>
                <value>uk.ac.nesc.idsd.model.DsdIdentifier</value>
                <value>uk.ac.nesc.idsd.model.Gene</value>
                <value>uk.ac.nesc.idsd.model.ResearchResult</value>
                <value>uk.ac.nesc.idsd.model.ResearchResultCategory</value>
                <value>uk.ac.nesc.idsd.model.Country</value>
                <value>uk.ac.nesc.idsd.model.Centre</value>
                <value>uk.ac.nesc.idsd.model.DsdCah</value>
                <value>uk.ac.nesc.idsd.model.PatientUser</value>
            </list>
        </property>
    </bean>


    <!-- TRANSACTION MANAGER & AOP
    <bean id="transactionManager" class="org.springframework.transaction.jta.JtaTransactionManager">
    </bean> -->

    <bean id="transactionManager" class="org.springframework.orm.hibernate3.HibernateTransactionManager">
        <property name="sessionFactory" ref="sessionFactory"/>
    </bean>

    <!-- enable the configuration of transaction behaviour based on annotations -->
    <tx:annotation-driven transaction-manager="transactionManager"/>

    <tx:advice id="txAdvice" transaction-manager="transactionManager">
        <tx:attributes>
            <tx:method name="login*" propagation="REQUIRED"/>
            <tx:method name="save*" propagation="REQUIRED"/>
            <tx:method name="create*" propagation="REQUIRED"/>
            <tx:method name="add*" propagation="REQUIRED"/>
            <tx:method name="delete*" propagation="REQUIRED"/>
            <tx:method name="update*" propagation="REQUIRED"/>
            <tx:method name="audit*" propagation="REQUIRED"/>
            <tx:method name="register*" propagation="REQUIRED"/>
            <tx:method name="assignRolesForUser" propagation="REQUIRED"/>
            <tx:method name="resetUserPassword" propagation="REQUIRED"/>
            <tx:method name="changePassword" propagation="REQUIRED"/>
            <tx:method name="activate*" propagation="REQUIRED"/>
            <tx:method name="deactivate*" propagation="REQUIRED"/>
            <tx:method name="*" read-only="true"/>
        </tx:attributes>
    </tx:advice>

    <aop:config>
        <aop:pointcut id="allManagerMethod" expression="execution(* uk.ac.nesc.idsd.service.*.*(..))"/>
        <aop:advisor advice-ref="txAdvice" pointcut-ref="allManagerMethod"/>
    </aop:config>


    <tx:annotation-driven/>

    <bean id="portalUserDao" class="uk.ac.nesc.idsd.model.PortalUserDaoImpl">
        <property name="sessionFactory" ref="sessionFactory"/>
    </bean>

</beans>